Android/Gen/build/outputs/logs/manifest-merger-debug-report.txt
-- Merging decision tree log ---
manifest
ADDED from Android\Gen\AndroidManifest.xml:2:1-2819
INJECTED from Android\Gen\AndroidManifest.xml:2:1-2819
INJECTED from Android\Gen\AndroidManifest.xml:2:1-2819
INJECTED from Android\Gen\AndroidManifest.xml:2:1-2819
MERGED from [com.android.support:support-v4:27.1.1] AndroidManifest.xml:17:1-22:12
MERGED from [com.android.support:appcompat-v7:27.1.1] AndroidManifest.xml:17:1-22:12
MERGED from [com.android.support:support-media-compat:27.1.1] AndroidManifest.xml:17:1-22:12
MERGED from [com.android.support:support-fragment:27.1.1] AndroidManifest.xml:17:1-22:12
MERGED from [com.android.support:animated-vector-drawable:27.1.1] AndroidManifest.xml:17:1-22:12
MERGED from [com.android.support:support-core-ui:27.1.1] AndroidManifest.xml:17:1-22:12
MERGED from [com.android.support:support-core-utils:27.1.1] AndroidManifest.xml:17:1-22:12
MERGED from [com.android.support:support-vector-drawable:27.1.1] AndroidManifest.xml:17:1-22:12
MERGED from [com.android.support:support-compat:27.1.1] AndroidManifest.xml:17:1-22:12
MERGED from [android.arch.lifecycle:runtime:1.1.0] AndroidManifest.xml:17:1-22:12
MERGED from [android.arch.lifecycle:livedata-core:1.1.0] AndroidManifest.xml:17:1-22:12
MERGED from [android.arch.lifecycle:viewmodel:1.1.0] AndroidManifest.xml:17:1-22:12
MERGED from [android.arch.core:runtime:1.1.0] AndroidManifest.xml:17:1-22:12
INJECTED from Android\Gen\AndroidManifest.xml:2:1-2819
INJECTED from Android\Gen\AndroidManifest.xml:2:1-2819
INJECTED from Android\Gen\AndroidManifest.xml:2:1-2819
	package
		ADDED from Android\Gen\AndroidManifest.xml:2:70-106
		INJECTED from Android\Gen\AndroidManifest.xml
		INJECTED from Android\Gen\AndroidManifest.xml
	android:versionName
		ADDED from Android\Gen\AndroidManifest.xml:2:107-137
		INJECTED from Android\Gen\AndroidManifest.xml
		INJECTED from Android\Gen\AndroidManifest.xml
	xmlns:android
		ADDED from Android\Gen\AndroidManifest.xml:2:11-69
	android:versionCode
		ADDED from Android\Gen\AndroidManifest.xml:2:138-162
		INJECTED from Android\Gen\AndroidManifest.xml
		INJECTED from Android\Gen\AndroidManifest.xml
	android:installLocation
		ADDED from Android\Gen\AndroidManifest.xml:2:163-193
application
ADDED from Android\Gen\AndroidManifest.xml:2:194-2506
	android:label
		ADDED from Android\Gen\AndroidManifest.xml:2:269-301
	android:resizeableActivity
		ADDED from Android\Gen\AndroidManifest.xml:2:372-405
	android:largeHeap
		ADDED from Android\Gen\AndroidManifest.xml:2:346-370
	android:icon
		ADDED from Android\Gen\AndroidManifest.xml:2:302-345
	android:usesCleartextTraffic
		ADDED from Android\Gen\AndroidManifest.xml:2:406-441
	android:name
		ADDED from Android\Gen\AndroidManifest.xml:2:207-268
activity#com.mycompany.ts_broadcast.wdgen.GWDPTS_Broadcast$WDLanceur
ADDED from Android\Gen\AndroidManifest.xml:2:442-858
	android:label
		ADDED from Android\Gen\AndroidManifest.xml:2:501-533
	android:configChanges
		ADDED from Android\Gen\AndroidManifest.xml:2:603-705
	android:theme
		ADDED from Android\Gen\AndroidManifest.xml:2:534-602
	android:name
		ADDED from Android\Gen\AndroidManifest.xml:2:452-500
intent-filter#action:name:android.intent.action.MAIN+category:name:android.intent.category.LAUNCHER
ADDED from Android\Gen\AndroidManifest.xml:2:706-847
action#android.intent.action.MAIN
ADDED from Android\Gen\AndroidManifest.xml:2:721-772
	android:name
		ADDED from Android\Gen\AndroidManifest.xml:2:729-770
category#android.intent.category.LAUNCHER
ADDED from Android\Gen\AndroidManifest.xml:2:772-831
	android:name
		ADDED from Android\Gen\AndroidManifest.xml:2:782-829
activity#com.mycompany.ts_broadcast.wdgen.GWDFWIN_Main$WDActiviteFenetre
ADDED from Android\Gen\AndroidManifest.xml:2:858-1098
	android:hardwareAccelerated
		ADDED from Android\Gen\AndroidManifest.xml:2:1061-1096
	android:configChanges
		ADDED from Android\Gen\AndroidManifest.xml:2:921-1023
	android:theme
		ADDED from Android\Gen\AndroidManifest.xml:2:1024-1060
	android:name
		ADDED from Android\Gen\AndroidManifest.xml:2:868-920
uses-library#org.apache.http.legacy
ADDED from Android\Gen\AndroidManifest.xml:2:1098-1176
	android:required
		ADDED from Android\Gen\AndroidManifest.xml:2:1150-1174
	android:name
		ADDED from Android\Gen\AndroidManifest.xml:2:1112-1149
activity#fr.pcsoft.wdjava.core.erreur.report.WDErrorReportActivity
ADDED from Android\Gen\AndroidManifest.xml:2:1176-1376
	xmlns:android
		ADDED from Android\Gen\AndroidManifest.xml:2:1186-1244
	android:theme
		ADDED from Android\Gen\AndroidManifest.xml:2:1318-1374
	android:name
		ADDED from Android\Gen\AndroidManifest.xml:2:1245-1317
activity#fr.pcsoft.wdjava.ui.activite.WDActivite$BlankActivity
ADDED from Android\Gen\AndroidManifest.xml:2:1376-1564
	xmlns:android
		ADDED from Android\Gen\AndroidManifest.xml:2:1386-1444
	android:theme
		ADDED from Android\Gen\AndroidManifest.xml:2:1514-1562
	android:name
		ADDED from Android\Gen\AndroidManifest.xml:2:1445-1513
activity#fr.pcsoft.wdjava.ui.searchbar.WDSearchActivity
ADDED from Android\Gen\AndroidManifest.xml:2:1564-1908
	android:label
		ADDED from Android\Gen\AndroidManifest.xml:2:1695-1727
	xmlns:android
		ADDED from Android\Gen\AndroidManifest.xml:2:1574-1632
	android:name
		ADDED from Android\Gen\AndroidManifest.xml:2:1633-1694
intent-filter#action:name:android.intent.action.SEARCH
ADDED from Android\Gen\AndroidManifest.xml:2:1728-1812
action#android.intent.action.SEARCH
ADDED from Android\Gen\AndroidManifest.xml:2:1743-1796
	android:name
		ADDED from Android\Gen\AndroidManifest.xml:2:1751-1794
meta-data#android.app.searchable
ADDED from Android\Gen\AndroidManifest.xml:2:1812-1897
	android:resource
		ADDED from Android\Gen\AndroidManifest.xml:2:1861-1895
	android:name
		ADDED from Android\Gen\AndroidManifest.xml:2:1823-1860
provider#fr.pcsoft.wdjava.ui.searchbar.WDSearchHistory
ADDED from Android\Gen\AndroidManifest.xml:2:1908-2113
	android:authorities
		ADDED from Android\Gen\AndroidManifest.xml:2:2063-2111
	android:exported
		ADDED from Android\Gen\AndroidManifest.xml:2:2038-2062
	xmlns:android
		ADDED from Android\Gen\AndroidManifest.xml:2:1918-1976
	android:name
		ADDED from Android\Gen\AndroidManifest.xml:2:1977-2037
service#fr.pcsoft.wdjava.core.service.WDServiceLocal
ADDED from Android\Gen\AndroidManifest.xml:2:2113-2183
	android:name
		ADDED from Android\Gen\AndroidManifest.xml:2:2122-2181
meta-data#fr.pcsoft.first_window_name
ADDED from Android\Gen\AndroidManifest.xml:2:2183-2263
	android:value
		ADDED from Android\Gen\AndroidManifest.xml:2:2237-2261
	android:name
		ADDED from Android\Gen\AndroidManifest.xml:2:2194-2236
meta-data#fr.pcsoft.splash_orientation_phone
ADDED from Android\Gen\AndroidManifest.xml:2:2263-2343
	android:value
		ADDED from Android\Gen\AndroidManifest.xml:2:2324-2341
	android:name
		ADDED from Android\Gen\AndroidManifest.xml:2:2274-2323
meta-data#fr.pcsoft.splash_orientation_tablet
ADDED from Android\Gen\AndroidManifest.xml:2:2343-2424
	android:value
		ADDED from Android\Gen\AndroidManifest.xml:2:2405-2422
	android:name
		ADDED from Android\Gen\AndroidManifest.xml:2:2354-2404
meta-data#fr.pcsoft.multidex
ADDED from Android\Gen\AndroidManifest.xml:2:2424-2492
	android:value
		ADDED from Android\Gen\AndroidManifest.xml:2:2469-2490
	android:name
		ADDED from Android\Gen\AndroidManifest.xml:2:2435-2468
uses-sdk
ADDED from Android\Gen\AndroidManifest.xml:2:2506-2574
MERGED from [com.android.support:support-v4:27.1.1] AndroidManifest.xml:20:5-44
MERGED from [com.android.support:support-v4:27.1.1] AndroidManifest.xml:20:5-44
MERGED from [com.android.support:appcompat-v7:27.1.1] AndroidManifest.xml:20:5-44
MERGED from [com.android.support:appcompat-v7:27.1.1] AndroidManifest.xml:20:5-44
MERGED from [com.android.support:support-media-compat:27.1.1] AndroidManifest.xml:20:5-44
MERGED from [com.android.support:support-media-compat:27.1.1] AndroidManifest.xml:20:5-44
MERGED from [com.android.support:support-fragment:27.1.1] AndroidManifest.xml:20:5-44
MERGED from [com.android.support:support-fragment:27.1.1] AndroidManifest.xml:20:5-44
MERGED from [com.android.support:animated-vector-drawable:27.1.1] AndroidManifest.xml:20:5-44
MERGED from [com.android.support:animated-vector-drawable:27.1.1] AndroidManifest.xml:20:5-44
MERGED from [com.android.support:support-core-ui:27.1.1] AndroidManifest.xml:20:5-44
MERGED from [com.android.support:support-core-ui:27.1.1] AndroidManifest.xml:20:5-44
MERGED from [com.android.support:support-core-utils:27.1.1] AndroidManifest.xml:20:5-44
MERGED from [com.android.support:support-core-utils:27.1.1] AndroidManifest.xml:20:5-44
MERGED from [com.android.support:support-vector-drawable:27.1.1] AndroidManifest.xml:20:5-44
MERGED from [com.android.support:support-vector-drawable:27.1.1] AndroidManifest.xml:20:5-44
MERGED from [com.android.support:support-compat:27.1.1] AndroidManifest.xml:20:5-44
MERGED from [com.android.support:support-compat:27.1.1] AndroidManifest.xml:20:5-44
MERGED from [android.arch.lifecycle:runtime:1.1.0] AndroidManifest.xml:20:5-44
MERGED from [android.arch.lifecycle:runtime:1.1.0] AndroidManifest.xml:20:5-44
MERGED from [android.arch.lifecycle:livedata-core:1.1.0] AndroidManifest.xml:20:5-44
MERGED from [android.arch.lifecycle:livedata-core:1.1.0] AndroidManifest.xml:20:5-44
MERGED from [android.arch.lifecycle:viewmodel:1.1.0] AndroidManifest.xml:20:5-44
MERGED from [android.arch.lifecycle:viewmodel:1.1.0] AndroidManifest.xml:20:5-44
MERGED from [android.arch.core:runtime:1.1.0] AndroidManifest.xml:20:5-44
MERGED from [android.arch.core:runtime:1.1.0] AndroidManifest.xml:20:5-44
	android:targetSdkVersion
		ADDED from Android\Gen\AndroidManifest.xml:2:2543-2572
	android:minSdkVersion
		ADDED from Android\Gen\AndroidManifest.xml:2:2516-2542
supports-screens
ADDED from Android\Gen\AndroidManifest.xml:2:2574-2733
	android:largeScreens
		ADDED from Android\Gen\AndroidManifest.xml:2:2649-2676
	android:smallScreens
		ADDED from Android\Gen\AndroidManifest.xml:2:2592-2619
	android:normalScreens
		ADDED from Android\Gen\AndroidManifest.xml:2:2620-2648
	android:xlargeScreens
		ADDED from Android\Gen\AndroidManifest.xml:2:2677-2705
	android:anyDensity
		ADDED from Android\Gen\AndroidManifest.xml:2:2706-2731
uses-permission#android.permission.WRITE_EXTERNAL_STORAGE
ADDED from Android\Gen\AndroidManifest.xml:2:2733-2808
	android:name
		ADDED from Android\Gen\AndroidManifest.xml:2:2750-2806